生成启动时间为 2016/3/27 23:45:16。
     1>项目“C:\Users\Tangbin\Documents\GitHub\Learning-Cplusplus\Unit13\Unit13\Unit13.vcxproj”在节点 2 上(Build 个目标)。
     1>ClCompile:
         C:\Program Files\Microsoft Visual Studio 12.0\VC\bin\CL.exe /c /ZI /nologo /W3 /WX- /sdl /Od /Oy- /D WIN32 /D _DEBUG /D _CONSOLE /D _LIB /D _SCL_SECURE_NO_WARNINGS /D _UNICODE /D UNICODE /Gm /EHsc /RTC1 /MDd /GS /fp:precise /Zc:wchar_t /Zc:forScope /Yu"stdafx.h" /Fp"Debug\Unit13.pch" /Fo"Debug\\" /Fd"Debug\vc120.pdb" /Gd /TP /analyze- /errorReport:prompt Foo.cpp StrVec.cpp Unit13.cpp
         Unit13.cpp
     1>c:\users\tangbin\documents\github\learning-cplusplus\unit13\unit13\foo.h(11): error C2143: 语法错误 : 缺少“;”(在“&&”的前面)
     1>c:\users\tangbin\documents\github\learning-cplusplus\unit13\unit13\foo.h(11): error C2059: 语法错误:“;”
     1>c:\users\tangbin\documents\github\learning-cplusplus\unit13\unit13\foo.h(11): error C2238: 意外的标记位于“;”之前
     1>c:\users\tangbin\documents\github\learning-cplusplus\unit13\unit13\foo.h(12): error C2143: 语法错误 : 缺少“;”(在“&”的前面)
     1>c:\users\tangbin\documents\github\learning-cplusplus\unit13\unit13\foo.h(12): error C2059: 语法错误:“;”
     1>c:\users\tangbin\documents\github\learning-cplusplus\unit13\unit13\foo.h(12): error C2238: 意外的标记位于“;”之前
     1>c:\users\tangbin\documents\github\learning-cplusplus\unit13\unit13\foo.h(17): error C2143: 语法错误 : 缺少“;”(在“&”的前面)
     1>c:\users\tangbin\documents\github\learning-cplusplus\unit13\unit13\foo.h(17): error C2761: “sorted”: 不允许成员函数重新声明
     1>c:\users\tangbin\documents\github\learning-cplusplus\unit13\unit13\foo.h(17): error C2059: 语法错误:“{”
     1>c:\users\tangbin\documents\github\learning-cplusplus\unit13\unit13\foo.h(17): error C2143: 语法错误 : 缺少“;”(在“{”的前面)
     1>c:\users\tangbin\documents\github\learning-cplusplus\unit13\unit13\foo.h(17): error C2447: “{”: 缺少函数标题(是否是老式的形式表?)
         StrVec.cpp
         Foo.cpp
     1>c:\users\tangbin\documents\github\learning-cplusplus\unit13\unit13\foo.cpp(1): warning C4627: “#include "Foo.h"”:  在查找预编译头使用时跳过
                 将指令添加到“stdafx.h”或重新生成预编译头
     1>c:\users\tangbin\documents\github\learning-cplusplus\unit13\unit13\foo.cpp(2): warning C4627: “#include <algorithm>”:  在查找预编译头使用时跳过
                 将指令添加到“stdafx.h”或重新生成预编译头
     1>c:\users\tangbin\documents\github\learning-cplusplus\unit13\unit13\foo.cpp(24): fatal error C1010: 在查找预编译头时遇到意外的文件结尾。是否忘记了向源中添加“#include "stdafx.h"”?
         正在生成代码...
     1>已完成生成项目“C:\Users\Tangbin\Documents\GitHub\Learning-Cplusplus\Unit13\Unit13\Unit13.vcxproj”(Build 个目标)的操作 - 失败。

生成失败。

已用时间 00:00:04.77
